<?xml version="1.0" encoding="utf-8"?><testsuites name="pytest tests"><testsuite name="pytest" errors="0" failures="0" skipped="0" tests="17" time="13.005" timestamp="2026-04-24T17:48:29.357475+00:00" hostname="agent-env-aede45cd-7c00-43e1-9072-6ab7ac18a6ef"><testcase classname="backend.tests.backend_test" name="test_login_parent" time="0.506" /><testcase classname="backend.tests.backend_test" name="test_login_bad_credentials" time="0.343" /><testcase classname="backend.tests.backend_test" name="test_me_requires_token" time="0.153" /><testcase classname="backend.tests.backend_test" name="test_me_invalid_token" time="0.140" /><testcase classname="backend.tests.backend_test" name="test_me_ok" time="0.477" /><testcase classname="backend.tests.backend_test" name="test_signup_new_parent" time="0.325" /><testcase classname="backend.tests.backend_test" name="test_parent_profiles_list" time="0.118" /><testcase classname="backend.tests.backend_test" name="test_adult_sees_own_profile" time="0.431" /><testcase classname="backend.tests.backend_test" name="test_create_child_profile" time="0.274" /><testcase classname="backend.tests.backend_test" name="test_parent_cannot_access_adult_profile" time="0.275" /><testcase classname="backend.tests.backend_test" name="test_patch_puberty_toggle" time="0.362" /><testcase classname="backend.tests.backend_test" name="test_aarav_logs_and_stats" time="0.401" /><testcase classname="backend.tests.backend_test" name="test_create_log" time="0.387" /><testcase classname="backend.tests.backend_test" name="test_vaccination_schedule" time="0.125" /><testcase classname="backend.tests.backend_test" name="test_adult_checkups_female" time="0.100" /><testcase classname="backend.tests.backend_test" name="test_ai_ask_parent_context" time="4.507" /><testcase classname="backend.tests.backend_test" name="test_ai_ask_teen_not_stored" time="3.942" /></testsuite></testsuites>